<?xml version="1.0" encoding="UTF-8"?>
<!-- Generated by org.testng.reporters.JUnitReportReporter -->
<testsuite hostname="DESKTOP-HUED1F2" failures="0" tests="1" name="driverFactory.AppTest" time="51.901" errors="0" timestamp="2024-05-27T17:32:33 IST" skipped="0">
  <testcase classname="driverFactory.AppTest" name="kickStart" time="51.901"/>
  <system-out>
    <![CDATA[Stock-000001609        Stock-000001609
Supplier-00000003437        Supplier-00000003437
Customer-00000006139        Customer-00000006139]]>
  </system-out>
</testsuite> <!-- driverFactory.AppTest -->
