<?xml version="1.0" encoding="UTF-8"?>
<!-- Generated by org.testng.reporters.JUnitReportReporter -->
<testsuite hostname="DESKTOP-HUED1F2" failures="0" tests="1" name="driverFactory.AppTest" time="46.519" errors="0" timestamp="2024-05-29T15:48:48 IST" skipped="0">
  <testcase classname="driverFactory.AppTest" name="kickStart" time="46.519">
    <system-out>
      <![CDATA[Stock-000001635        Stock-000001635
Supplier-00000003471        Supplier-00000003471
Customer-00000006268        Customer-00000006268]]>
    </system-out>
  </testcase> <!-- kickStart -->
  <system-out>
    <![CDATA[Stock-000001635        Stock-000001635
Supplier-00000003471        Supplier-00000003471
Customer-00000006268        Customer-00000006268]]>
  </system-out>
</testsuite> <!-- driverFactory.AppTest -->
